[2024-09-03 21:47:38] INFO  org.springframework.scheduling.concurrent.ExecutorConfigurationSupport 218 shutdown - Shutting down ExecutorService 'applicationTaskExecutor'
[2024-09-03 21:47:38] INFO  com.alibaba.druid.pool.DruidDataSource 2032 close - {dataSource-1} closing ...
[2024-09-03 21:47:38] INFO  com.alibaba.druid.pool.DruidDataSource 2104 close - {dataSource-1} closed
[2024-09-03 21:48:22] INFO  org.springframework.boot.StartupInfoLogger 55 logStarting - Starting AdminBootApplication using Java 1.8.0_311 on DESKTOP-SD821D4 with PID 26284 (C:\Projects\Survey\question-project\question-admin\target\classes started by steve in C:\Projects\Survey)
[2024-09-03 21:48:22] INFO  org.springframework.boot.SpringApplication 666 logStartupProfileInfo - The following profiles are active: dev
[2024-09-03 21:48:27] INFO  org.springframework.boot.web.embedded.tomcat.TomcatWebServer 108 initialize - Tomcat initialized with port(s): 8089 (http)
[2024-09-03 21:48:27] INFO  org.apache.juli.logging.DirectJDKLog 173 log - Starting service [Tomcat]
[2024-09-03 21:48:27] INFO  org.apache.juli.logging.DirectJDKLog 173 log - Starting Servlet engine: [Apache Tomcat/9.0.44]
[2024-09-03 21:48:27] INFO  org.apache.juli.logging.DirectJDKLog 173 log - Initializing Spring embedded WebApplicationContext
[2024-09-03 21:48:27] INFO  org.springframework.boot.web.servlet.context.ServletWebServerApplicationContext 289 prepareWebApplicationContext - Root WebApplicationContext: initialization completed in 5498 ms
[2024-09-03 21:48:28] INFO  com.alibaba.druid.spring.boot.autoconfigure.DruidDataSourceAutoConfigure 56 dataSource - Init DruidDataSource
[2024-09-03 21:48:28] INFO  com.alibaba.druid.pool.DruidDataSource 985 init - {dataSource-1} inited
[2024-09-03 21:48:32] INFO  org.springframework.scheduling.concurrent.ExecutorConfigurationSupport 181 initialize - Initializing ExecutorService 'applicationTaskExecutor'
[2024-09-03 21:48:33] INFO  org.springframework.boot.web.embedded.tomcat.TomcatWebServer 220 start - Tomcat started on port(s): 8089 (http) with context path ''
[2024-09-03 21:48:34] INFO  org.springframework.boot.StartupInfoLogger 61 logStarted - Started AdminBootApplication in 14.2 seconds (JVM running for 23.287)
[2024-09-03 21:49:26] INFO  org.apache.juli.logging.DirectJDKLog 173 log - Initializing Spring DispatcherServlet 'dispatcherServlet'
[2024-09-03 21:49:26] INFO  org.springframework.web.servlet.FrameworkServlet 525 initServletBean - Initializing Servlet 'dispatcherServlet'
[2024-09-03 21:49:26] INFO  org.springframework.web.servlet.FrameworkServlet 547 initServletBean - Completed initialization in 4 ms
[2024-09-03 21:51:49] INFO  org.springframework.scheduling.concurrent.ExecutorConfigurationSupport 218 shutdown - Shutting down ExecutorService 'applicationTaskExecutor'
[2024-09-03 21:51:49] INFO  com.alibaba.druid.pool.DruidDataSource 2032 close - {dataSource-1} closing ...
[2024-09-03 21:51:49] INFO  com.alibaba.druid.pool.DruidDataSource 2104 close - {dataSource-1} closed
[2024-09-03 21:52:04] INFO  org.springframework.boot.StartupInfoLogger 55 logStarting - Starting AdminBootApplication using Java 1.8.0_311 on DESKTOP-SD821D4 with PID 28276 (C:\Projects\Survey\question-project\question-admin\target\classes started by steve in C:\Projects\Survey)
[2024-09-03 21:52:04] INFO  org.springframework.boot.SpringApplication 666 logStartupProfileInfo - The following profiles are active: dev
[2024-09-03 21:52:06] INFO  org.springframework.boot.web.embedded.tomcat.TomcatWebServer 108 initialize - Tomcat initialized with port(s): 8089 (http)
[2024-09-03 21:52:06] INFO  org.apache.juli.logging.DirectJDKLog 173 log - Starting service [Tomcat]
[2024-09-03 21:52:06] INFO  org.apache.juli.logging.DirectJDKLog 173 log - Starting Servlet engine: [Apache Tomcat/9.0.44]
[2024-09-03 21:52:06] INFO  org.apache.juli.logging.DirectJDKLog 173 log - Initializing Spring embedded WebApplicationContext
[2024-09-03 21:52:06] INFO  org.springframework.boot.web.servlet.context.ServletWebServerApplicationContext 289 prepareWebApplicationContext - Root WebApplicationContext: initialization completed in 1882 ms
[2024-09-03 21:52:06] INFO  com.alibaba.druid.spring.boot.autoconfigure.DruidDataSourceAutoConfigure 56 dataSource - Init DruidDataSource
[2024-09-03 21:52:06] INFO  com.alibaba.druid.pool.DruidDataSource 985 init - {dataSource-1} inited
[2024-09-03 21:52:09] INFO  org.springframework.scheduling.concurrent.ExecutorConfigurationSupport 181 initialize - Initializing ExecutorService 'applicationTaskExecutor'
[2024-09-03 21:52:09] INFO  org.springframework.boot.web.embedded.tomcat.TomcatWebServer 220 start - Tomcat started on port(s): 8089 (http) with context path ''
[2024-09-03 21:52:10] INFO  org.springframework.boot.StartupInfoLogger 61 logStarted - Started AdminBootApplication in 6.467 seconds (JVM running for 8.428)
[2024-09-03 21:52:21] INFO  org.apache.juli.logging.DirectJDKLog 173 log - Initializing Spring DispatcherServlet 'dispatcherServlet'
[2024-09-03 21:52:21] INFO  org.springframework.web.servlet.FrameworkServlet 525 initServletBean - Initializing Servlet 'dispatcherServlet'
[2024-09-03 21:52:21] INFO  org.springframework.web.servlet.FrameworkServlet 547 initServletBean - Completed initialization in 14 ms
[2024-09-03 22:01:25] INFO  org.springframework.scheduling.concurrent.ExecutorConfigurationSupport 218 shutdown - Shutting down ExecutorService 'applicationTaskExecutor'
[2024-09-03 22:01:25] INFO  com.alibaba.druid.pool.DruidDataSource 2032 close - {dataSource-1} closing ...
[2024-09-03 22:01:25] INFO  com.alibaba.druid.pool.DruidDataSource 2104 close - {dataSource-1} closed
